{"C:\\Users\\wilk.caetano.franca\\Documents\\apiMove\\__test__\\mocks\\movieMock.js": {"path":"C:\\Users\\wilk.caetano.franca\\Documents\\apiMove\\__test__\\mocks\\movieMock.js","statementMap":{"0":{"start":{"line":1,"column":21},"end":{"line":11,"column":1}},"1":{"start":{"line":13,"column":24},"end":{"line":23,"column":1}},"2":{"start":{"line":26,"column":0},"end":{"line":29,"column":1}}},"fnMap":{},"branchMap":{},"s":{"0":1,"1":1,"2":1},"f":{},"b":{},"_coverageSchema":"1a1c01bbd47fc00a2c39e90264f33305004495a9","hash":"a0461ced3a4d74c9ed626c64e9da9beea7263954"}
,"C:\\Users\\wilk.caetano.franca\\Documents\\apiMove\\config\\configDatabase.js": {"path":"C:\\Users\\wilk.caetano.franca\\Documents\\apiMove\\config\\configDatabase.js","statementMap":{"0":{"start":{"line":1,"column":0},"end":{"line":3,"column":3}},"1":{"start":{"line":4,"column":17},"end":{"line":4,"column":42}},"2":{"start":{"line":6,"column":0},"end":{"line":17,"column":1}}},"fnMap":{},"branchMap":{"0":{"loc":{"start":{"line":2,"column":8},"end":{"line":2,"column":62}},"type":"cond-expr","locations":[{"start":{"line":2,"column":42},"end":{"line":2,"column":53}},{"start":{"line":2,"column":56},"end":{"line":2,"column":62}}],"line":2}},"s":{"0":2,"1":2,"2":2},"f":{},"b":{"0":[2,0]},"_coverageSchema":"1a1c01bbd47fc00a2c39e90264f33305004495a9","hash":"fed7933af6330092499994db7a58d2d63d3a25df"}
,"C:\\Users\\wilk.caetano.franca\\Documents\\apiMove\\config\\database\\index.js": {"path":"C:\\Users\\wilk.caetano.franca\\Documents\\apiMove\\config\\database\\index.js","statementMap":{"0":{"start":{"line":1,"column":18},"end":{"line":1,"column":38}},"1":{"start":{"line":2,"column":23},"end":{"line":2,"column":51}},"2":{"start":{"line":3,"column":11},"end":{"line":3,"column":56}},"3":{"start":{"line":5,"column":14},"end":{"line":5,"column":56}},"4":{"start":{"line":7,"column":19},"end":{"line":7,"column":36}},"5":{"start":{"line":9,"column":0},"end":{"line":9,"column":23}},"6":{"start":{"line":11,"column":0},"end":{"line":11,"column":28}}},"fnMap":{},"branchMap":{"0":{"loc":{"start":{"line":3,"column":11},"end":{"line":3,"column":56}},"type":"cond-expr","locations":[{"start":{"line":3,"column":45},"end":{"line":3,"column":49}},{"start":{"line":3,"column":52},"end":{"line":3,"column":56}}],"line":3}},"s":{"0":2,"1":2,"2":2,"3":2,"4":2,"5":2,"6":2},"f":{},"b":{"0":[0,2]},"_coverageSchema":"1a1c01bbd47fc00a2c39e90264f33305004495a9","hash":"075777bbfe3cd56c11dfe37c182a70e661c7ab71"}
,"C:\\Users\\wilk.caetano.franca\\Documents\\apiMove\\src\\app.js": {"path":"C:\\Users\\wilk.caetano.franca\\Documents\\apiMove\\src\\app.js","statementMap":{"0":{"start":{"line":1,"column":0},"end":{"line":3,"column":3}},"1":{"start":{"line":4,"column":0},"end":{"line":4,"column":30}},"2":{"start":{"line":5,"column":16},"end":{"line":5,"column":34}},"3":{"start":{"line":6,"column":12},"end":{"line":6,"column":21}},"4":{"start":{"line":7,"column":19},"end":{"line":7,"column":41}},"5":{"start":{"line":8,"column":13},"end":{"line":8,"column":28}},"6":{"start":{"line":9,"column":15},"end":{"line":9,"column":41}},"7":{"start":{"line":11,"column":0},"end":{"line":11,"column":27}},"8":{"start":{"line":12,"column":0},"end":{"line":12,"column":16}},"9":{"start":{"line":13,"column":0},"end":{"line":13,"column":16}},"10":{"start":{"line":15,"column":0},"end":{"line":15,"column":21}}},"fnMap":{},"branchMap":{"0":{"loc":{"start":{"line":2,"column":8},"end":{"line":2,"column":62}},"type":"cond-expr","locations":[{"start":{"line":2,"column":42},"end":{"line":2,"column":53}},{"start":{"line":2,"column":56},"end":{"line":2,"column":62}}],"line":2}},"s":{"0":2,"1":2,"2":2,"3":2,"4":2,"5":2,"6":2,"7":2,"8":2,"9":2,"10":2},"f":{},"b":{"0":[2,0]},"_coverageSchema":"1a1c01bbd47fc00a2c39e90264f33305004495a9","hash":"93a7a76628cd2abecfcf909b73978a805d7509e7"}
,"C:\\Users\\wilk.caetano.franca\\Documents\\apiMove\\src\\api\\models\\MovieModel.js": {"path":"C:\\Users\\wilk.caetano.franca\\Documents\\apiMove\\src\\api\\models\\MovieModel.js","statementMap":{"0":{"start":{"line":1,"column":27},"end":{"line":1,"column":47}},"1":{"start":{"line":5,"column":4},"end":{"line":17,"column":6}},"2":{"start":{"line":21,"column":0},"end":{"line":21,"column":23}}},"fnMap":{"0":{"name":"(anonymous_0)","decl":{"start":{"line":4,"column":2},"end":{"line":4,"column":3}},"loc":{"start":{"line":4,"column":26},"end":{"line":18,"column":3}},"line":4}},"branchMap":{},"s":{"0":2,"1":2,"2":2},"f":{"0":2},"b":{},"_coverageSchema":"1a1c01bbd47fc00a2c39e90264f33305004495a9","hash":"3100d2d8e59fa439dbede2f2156d459495186202"}
,"C:\\Users\\wilk.caetano.franca\\Documents\\apiMove\\src\\api\\movies\\__test__\\mocks\\movieMock.js": {"path":"C:\\Users\\wilk.caetano.franca\\Documents\\apiMove\\src\\api\\movies\\__test__\\mocks\\movieMock.js","statementMap":{"0":{"start":{"line":1,"column":21},"end":{"line":11,"column":1}},"1":{"start":{"line":14,"column":0},"end":{"line":16,"column":1}}},"fnMap":{},"branchMap":{},"s":{"0":1,"1":1},"f":{},"b":{},"_coverageSchema":"1a1c01bbd47fc00a2c39e90264f33305004495a9","hash":"9ad8c95ef8928f899851bc700081480f01f65142"}
,"C:\\Users\\wilk.caetano.franca\\Documents\\apiMove\\src\\api\\movies\\controllers\\controllerMovies.js": {"path":"C:\\Users\\wilk.caetano.franca\\Documents\\apiMove\\src\\api\\movies\\controllers\\controllerMovies.js","statementMap":{"0":{"start":{"line":1,"column":14},"end":{"line":1,"column":48}},"1":{"start":{"line":5,"column":4},"end":{"line":5,"column":45}},"2":{"start":{"line":7,"column":16},"end":{"line":16,"column":1}},"3":{"start":{"line":8,"column":2},"end":{"line":15,"column":3}},"4":{"start":{"line":9,"column":18},"end":{"line":9,"column":41}},"5":{"start":{"line":10,"column":4},"end":{"line":10,"column":39}},"6":{"start":{"line":12,"column":4},"end":{"line":14,"column":7}},"7":{"start":{"line":18,"column":17},"end":{"line":33,"column":1}},"8":{"start":{"line":19,"column":2},"end":{"line":32,"column":3}},"9":{"start":{"line":20,"column":19},"end":{"line":20,"column":29}},"10":{"start":{"line":21,"column":19},"end":{"line":21,"column":56}},"11":{"start":{"line":22,"column":4},"end":{"line":24,"column":5}},"12":{"start":{"line":23,"column":6},"end":{"line":23,"column":42}},"13":{"start":{"line":25,"column":4},"end":{"line":27,"column":7}},"14":{"start":{"line":29,"column":4},"end":{"line":31,"column":6}},"15":{"start":{"line":35,"column":15},"end":{"line":51,"column":1}},"16":{"start":{"line":36,"column":2},"end":{"line":50,"column":3}},"17":{"start":{"line":37,"column":17},"end":{"line":37,"column":25}},"18":{"start":{"line":38,"column":29},"end":{"line":38,"column":65}},"19":{"start":{"line":39,"column":4},"end":{"line":42,"column":5}},"20":{"start":{"line":40,"column":25},"end":{"line":40,"column":50}},"21":{"start":{"line":41,"column":6},"end":{"line":41,"column":46}},"22":{"start":{"line":43,"column":4},"end":{"line":45,"column":7}},"23":{"start":{"line":47,"column":4},"end":{"line":49,"column":7}},"24":{"start":{"line":53,"column":20},"end":{"line":77,"column":1}},"25":{"start":{"line":54,"column":2},"end":{"line":76,"column":3}},"26":{"start":{"line":55,"column":19},"end":{"line":55,"column":29}},"27":{"start":{"line":56,"column":18},"end":{"line":56,"column":26}},"28":{"start":{"line":58,"column":29},"end":{"line":58,"column":72}},"29":{"start":{"line":59,"column":4},"end":{"line":68,"column":5}},"30":{"start":{"line":60,"column":6},"end":{"line":60,"column":49}},"31":{"start":{"line":61,"column":26},"end":{"line":61,"column":62}},"32":{"start":{"line":62,"column":6},"end":{"line":64,"column":7}},"33":{"start":{"line":63,"column":8},"end":{"line":63,"column":49}},"34":{"start":{"line":65,"column":6},"end":{"line":67,"column":9}},"35":{"start":{"line":69,"column":4},"end":{"line":71,"column":7}},"36":{"start":{"line":73,"column":4},"end":{"line":75,"column":6}},"37":{"start":{"line":79,"column":16},"end":{"line":96,"column":1}},"38":{"start":{"line":80,"column":2},"end":{"line":95,"column":3}},"39":{"start":{"line":81,"column":19},"end":{"line":81,"column":29}},"40":{"start":{"line":82,"column":23},"end":{"line":82,"column":63}},"41":{"start":{"line":83,"column":4},"end":{"line":87,"column":5}},"42":{"start":{"line":84,"column":6},"end":{"line":86,"column":9}},"43":{"start":{"line":88,"column":4},"end":{"line":90,"column":6}},"44":{"start":{"line":92,"column":4},"end":{"line":94,"column":6}},"45":{"start":{"line":98,"column":0},"end":{"line":104,"column":1}}},"fnMap":{"0":{"name":"(anonymous_0)","decl":{"start":{"line":7,"column":16},"end":{"line":7,"column":17}},"loc":{"start":{"line":7,"column":36},"end":{"line":16,"column":1}},"line":7},"1":{"name":"(anonymous_1)","decl":{"start":{"line":18,"column":17},"end":{"line":18,"column":18}},"loc":{"start":{"line":18,"column":37},"end":{"line":33,"column":1}},"line":18},"2":{"name":"(anonymous_2)","decl":{"start":{"line":35,"column":15},"end":{"line":35,"column":16}},"loc":{"start":{"line":35,"column":35},"end":{"line":51,"column":1}},"line":35},"3":{"name":"(anonymous_3)","decl":{"start":{"line":53,"column":20},"end":{"line":53,"column":21}},"loc":{"start":{"line":53,"column":40},"end":{"line":77,"column":1}},"line":53},"4":{"name":"(anonymous_4)","decl":{"start":{"line":79,"column":16},"end":{"line":79,"column":17}},"loc":{"start":{"line":79,"column":36},"end":{"line":96,"column":1}},"line":79}},"branchMap":{"0":{"loc":{"start":{"line":22,"column":4},"end":{"line":24,"column":5}},"type":"if","locations":[{"start":{"line":22,"column":4},"end":{"line":24,"column":5}},{"start":{"line":22,"column":4},"end":{"line":24,"column":5}}],"line":22},"1":{"loc":{"start":{"line":39,"column":4},"end":{"line":42,"column":5}},"type":"if","locations":[{"start":{"line":39,"column":4},"end":{"line":42,"column":5}},{"start":{"line":39,"column":4},"end":{"line":42,"column":5}}],"line":39},"2":{"loc":{"start":{"line":59,"column":4},"end":{"line":68,"column":5}},"type":"if","locations":[{"start":{"line":59,"column":4},"end":{"line":68,"column":5}},{"start":{"line":59,"column":4},"end":{"line":68,"column":5}}],"line":59},"3":{"loc":{"start":{"line":62,"column":6},"end":{"line":64,"column":7}},"type":"if","locations":[{"start":{"line":62,"column":6},"end":{"line":64,"column":7}},{"start":{"line":62,"column":6},"end":{"line":64,"column":7}}],"line":62},"4":{"loc":{"start":{"line":83,"column":4},"end":{"line":87,"column":5}},"type":"if","locations":[{"start":{"line":83,"column":4},"end":{"line":87,"column":5}},{"start":{"line":83,"column":4},"end":{"line":87,"column":5}}],"line":83}},"s":{"0":2,"1":2,"2":2,"3":1,"4":1,"5":1,"6":0,"7":2,"8":2,"9":2,"10":2,"11":2,"12":1,"13":1,"14":0,"15":2,"16":10,"17":10,"18":10,"19":10,"20":4,"21":4,"22":6,"23":0,"24":2,"25":2,"26":2,"27":2,"28":2,"29":2,"30":2,"31":2,"32":2,"33":1,"34":1,"35":0,"36":0,"37":2,"38":2,"39":2,"40":2,"41":2,"42":1,"43":1,"44":0,"45":2},"f":{"0":1,"1":2,"2":10,"3":2,"4":2},"b":{"0":[1,1],"1":[4,6],"2":[2,0],"3":[1,1],"4":[1,1]},"_coverageSchema":"1a1c01bbd47fc00a2c39e90264f33305004495a9","hash":"f6c30c3b514a275952058109760a2864d1e09c61"}
,"C:\\Users\\wilk.caetano.franca\\Documents\\apiMove\\src\\api\\movies\\validations\\movieValidation.js": {"path":"C:\\Users\\wilk.caetano.franca\\Documents\\apiMove\\src\\api\\movies\\validations\\movieValidation.js","statementMap":{"0":{"start":{"line":1,"column":12},"end":{"line":1,"column":32}},"1":{"start":{"line":3,"column":24},"end":{"line":13,"column":2}},"2":{"start":{"line":15,"column":30},"end":{"line":25,"column":2}},"3":{"start":{"line":27,"column":0},"end":{"line":30,"column":2}}},"fnMap":{},"branchMap":{},"s":{"0":2,"1":2,"2":2,"3":2},"f":{},"b":{},"_coverageSchema":"1a1c01bbd47fc00a2c39e90264f33305004495a9","hash":"6f6d1eec7e25a00a41276deb5d6e4539e76684da"}
,"C:\\Users\\wilk.caetano.franca\\Documents\\apiMove\\src\\routes\\routes.js": {"path":"C:\\Users\\wilk.caetano.franca\\Documents\\apiMove\\src\\routes\\routes.js","statementMap":{"0":{"start":{"line":1,"column":16},"end":{"line":1,"column":34}},"1":{"start":{"line":2,"column":15},"end":{"line":2,"column":31}},"2":{"start":{"line":3,"column":25},"end":{"line":3,"column":78}},"3":{"start":{"line":5,"column":0},"end":{"line":5,"column":47}},"4":{"start":{"line":6,"column":0},"end":{"line":6,"column":52}},"5":{"start":{"line":7,"column":0},"end":{"line":7,"column":47}},"6":{"start":{"line":8,"column":0},"end":{"line":8,"column":54}},"7":{"start":{"line":9,"column":0},"end":{"line":9,"column":54}},"8":{"start":{"line":11,"column":0},"end":{"line":11,"column":24}}},"fnMap":{},"branchMap":{},"s":{"0":2,"1":2,"2":2,"3":2,"4":2,"5":2,"6":2,"7":2,"8":2},"f":{},"b":{},"_coverageSchema":"1a1c01bbd47fc00a2c39e90264f33305004495a9","hash":"417e984f35f5bf185230d10a1181e0acda0ed4f6"}
}
